#
# A fatal error has been detected by the Java Runtime Environment:
#
#  SIGSEGV (0xb) at pc=0x00002aaa6c344060, pid=1304, tid=1076504896
#
# JRE version: 7.0_05-b05
# Java VM: Java HotSpot(TM) 64-Bit Server VM (23.1-b03 mixed mode linux-amd64 compressed oops)
# Problematic frame:
# C  0x00002aaa6c344060
[error occurred during error reporting (printing problematic frame), id 0xb]

# Failed to write core dump. Core dumps have been disabled. To enable core dumping, try "ulimit -c unlimited" before starting Java again
#
# If you would like to submit a bug report, please visit:
#   http://bugreport.sun.com/bugreport/crash.jsp
#

---------------  T H R E A D  ---------------

Current thread (0x0000000018489000):  JavaThread "main" [_thread_in_Java, id=1305, stack(0x00000000401a2000,0x00000000402a3000)]

siginfo:si_signo=SIGSEGV: si_errno=0, si_code=1 (SEGV_MAPERR), si_addr=0x00002aaa6c344060

Registers:
RAX=0x00000000bf241038, RBX=0x00000000bf306738, RCX=0x0000000000000000, RDX=0x00000000ecacd708
RSP=0x00000000402981f8, RBP=0x00000000ecacd758, RSI=0x00000000ecacd758, RDI=0x00000000bf201d70
R8 =0x00000000bf308a20, R9 =0x00000000bf241038, R10=0x00000000bf308a58, R11=0x0000000000000350
R12=0x0000000000000000, R13=0x0000000040298338, R14=0x00000000402983a8, R15=0x0000000018489000
RIP=0x00002aaa6c344060, EFLAGS=0x0000000000010246, CSGSFS=0x0000000000000033, ERR=0x0000000000000014
  TRAPNO=0x000000000000000e

Top of Stack: (sp=0x00000000402981f8)
0x00000000402981f8:   00002aaaab619bc4 00000000c46bf820
0x0000000040298208:   00000000c45f50d8 00000000ecacd708
0x0000000040298218:   00000000ecad0f00 0000000000000000
0x0000000040298228:   00000000c46bfab8 0000000000000000
0x0000000040298238:   0000000018489000 00000000184891d8
0x0000000040298248:   00000000402982e0 0000000018489000
0x0000000040298258:   00002aaabc008250 00000000402982d0
0x0000000040298268:   00002b3721860dc0 00000000c4515178
0x0000000040298278:   00002aaaab83bb1c 00000000ecad0f00
0x0000000040298288:   00000000c45f50d8 00000000ecacd708
0x0000000040298298:   00000000c46aaa08 bf3e019800000011
0x00000000402982a8:   00000000edfca9b8 00000000c4515188
0x00000000402982b8:   00000000c44f9d80 ee00d3c0c46bfab8
0x00000000402982c8:   00000000c46bfab8 00000000edfca9a8
0x00000000402982d8:   c01de36000000005 00000000ecacd708
0x00000000402982e8:   00002b37fffffffc 00000000c45deb50
0x00000000402982f8:   00002aaa00000001 0000000000000007
0x0000000040298308:   00000000edf60418 0000000000000001
0x0000000040298318:   00002aaaab345158 0000000040298390
0x0000000040298328:   00002aaaab345158 00002aaaab345158
0x0000000040298338:   00000000ecacd708 00000000c45f50d8
0x0000000040298348:   00000000ecad0f00 0000000040298350
0x0000000040298358:   00000000c01f3848 00000000402983a8
0x0000000040298368:   00000000c01f4b60 0000000000000000
0x0000000040298378:   00000000c01f3878 0000000040298338
0x0000000040298388:   00000000402983a8 0000000040298410
0x0000000040298398:   00002aaaab33f50d 00000000ecacd708
0x00000000402983a8:   00000000ecad0f00 0000000000001fa0
0x00000000402983b8:   0000000040298950 0000000040298490
0x00000000402983c8:   00000000402988b0 0000000018489000
0x00000000402983d8:   00000000184895e0 0000000040298450
0x00000000402983e8:   0000000040298958 000000000000000c 

Instructions: (pc=0x00002aaa6c344060)
0x00002aaa6c344040:   
[error occurred during error reporting (printing registers, top of stack, instructions near pc), id 0xb]

Register to memory mapping:

RAX=0x00000000bf241038 is an oop
{instance class} 
 - klass: {other class}
RBX=0x00000000bf306738 is an oop
{method} 
 - klass: {other class}
RCX=0x0000000000000000 is an unknown value
RDX=0x00000000ecacd708 is an oop
org.codehaus.plexus.util.xml.Xpp3Dom 
 - klass: 'org/codehaus/plexus/util/xml/Xpp3Dom'
RSP=0x00000000402981f8 is pointing into the stack for thread: 0x0000000018489000
RBP=0x00000000ecacd758 is an oop
java.util.HashMap 
 - klass: 'java/util/HashMap'
RSI=0x00000000ecacd758 is an oop
java.util.HashMap 
 - klass: 'java/util/HashMap'
RDI=0x00000000bf201d70 is an oop
[[I 
 - klass: 'java/lang/Object'[]
 - length: 2
R8 =0x00000000bf308a20 is an oop
{instance class} 
 - klass: {other class}
R9 =0x00000000bf241038 is an oop
{instance class} 
 - klass: {other class}
R10=0x00000000bf308a58 is an oop
{instance class} 
 - klass: {other class}
R11=0x0000000000000350 is an unknown value
R12=0x0000000000000000 is an unknown value
R13=0x0000000040298338 is pointing into the stack for thread: 0x0000000018489000
R14=0x00000000402983a8 is pointing into the stack for thread: 0x0000000018489000
R15=0x0000000018489000 is a thread


Stack: [0x00000000401a2000,0x00000000402a3000],  sp=0x00000000402981f8,  free space=984k
Native frames: (J=compiled Java code, j=interpreted, Vv=VM code, C=native code)
C  0x00002aaa6c344060
[error occurred during error reporting (printing native stack), id 0xb]


---------------  P R O C E S S  ---------------

Java Threads: ( => current thread )
  0x00002aaabc04c000 JavaThread "Service Thread" daemon [_thread_blocked, id=1314, stack(0x000000004208b000,0x000000004218c000)]
  0x00002aaabc04a000 JavaThread "C1 CompilerThread1" daemon [_thread_blocked, id=1313, stack(0x0000000041f8a000,0x000000004208b000)]
  0x00002aaabc047000 JavaThread "C2 CompilerThread0" daemon [_thread_blocked, id=1312, stack(0x0000000041e89000,0x0000000041f8a000)]
  0x00002aaabc044800 JavaThread "Signal Dispatcher" daemon [_thread_blocked, id=1311, stack(0x00000000402a3000,0x00000000403a4000)]
  0x0000000018520000 JavaThread "Finalizer" daemon [_thread_blocked, id=1310, stack(0x0000000041a5b000,0x0000000041b5c000)]
  0x000000001851d800 JavaThread "Reference Handler" daemon [_thread_blocked, id=1309, stack(0x000000004195a000,0x0000000041a5b000)]
=>0x0000000018489000 JavaThread "main" [_thread_in_Java, id=1305, stack(0x00000000401a2000,0x00000000402a3000)]

Other Threads:
  0x0000000018516000 VMThread [stack: 0x0000000041859000,0x000000004195a000] [id=1308]
  0x00002aaabc057000 WatcherThread [stack: 0x000000004218c000,0x000000004228d000] [id=1315]

VM state:not at safepoint (normal execution)

VM Mutex/Monitor currently owned by a thread: None

Heap
 PSYoungGen      total 33216K, used 12898K [0x00000000ec160000, 0x00000000f0240000, 0x0000000100000000)
  eden space 30720K, 33% used [0x00000000ec160000,0x00000000ecb8ca88,0x00000000edf60000)
  from space 2496K, 99% used [0x00000000edf60000,0x00000000ee1cc010,0x00000000ee1d0000)
  to   space 2496K, 0% used [0x00000000effd0000,0x00000000effd0000,0x00000000f0240000)
 ParOldGen       total 40832K, used 4596K [0x00000000c4400000, 0x00000000c6be0000, 0x00000000ec160000)
  object space 40832K, 11% used [0x00000000c4400000,0x00000000c487d310,0x00000000c6be0000)
 PSPermGen       total 22208K, used 22152K [0x00000000bf200000, 0x00000000c07b0000, 0x00000000c4400000)
  object space 22208K, 99% used [0x00000000bf200000,0x00000000c07a2220,0x00000000c07b0000)

Code Cache  [0x00002aaaab33f000, 0x00002aaaab88f000, 0x00002aaab133f000)
 total_blobs=1974 nmethods=1627 adapters=264 free_code_cache=92942Kb largest_free_block=95125376

Compilation events (10 events):
Event: 4.883 Thread 0x00002aaabc04a000 nmethod 1830 0x00002aaaab8827d0 code [0x00002aaaab882a00, 0x00002aaaab883d70]
Event: 4.883 Thread 0x00002aaabc04a000 1831       3       java.util.regex.Pattern$Begin::match (62 bytes)
Event: 4.883 Thread 0x00002aaabc04a000 nmethod 1831 0x00002aaaab87d450 code [0x00002aaaab87d5e0, 0x00002aaaab87d990]
Event: 4.883 Thread 0x00002aaabc04a000 1834       1       org.apache.maven.model.ModelBase::getReporting (5 bytes)
Event: 4.883 Thread 0x00002aaabc04a000 nmethod 1834 0x00002aaaab87f2d0 code [0x00002aaaab87f420, 0x00002aaaab87f578]
Event: 4.883 Thread 0x00002aaabc04a000 1833       1       org.sonatype.aether.resolution.ArtifactResult::getArtifact (5 bytes)
Event: 4.883 Thread 0x00002aaabc04a000 nmethod 1833 0x00002aaaab87efd0 code [0x00002aaaab87f120, 0x00002aaaab87f278]
Event: 4.883 Thread 0x00002aaabc047000 1837       4       java.util.HashMap::isEmpty (13 bytes)
Event: 4.884 Thread 0x00002aaabc047000 nmethod 1837 0x00002aaaab532a10 code [0x00002aaaab532b40, 0x00002aaaab532b98]
Event: 4.884 Thread 0x00002aaabc047000 1836       4       java.util.HashMap$HashIterator::hasNext (13 bytes)

GC Heap History (6 events):
Event: 0.535 GC heap before
{Heap before GC invocations=1 (full 0):
 PSYoungGen      total 17856K, used 15360K [0x00000000ec160000, 0x00000000ed540000, 0x0000000100000000)
  eden space 15360K, 100% used [0x00000000ec160000,0x00000000ed060000,0x00000000ed060000)
  from space 2496K, 0% used [0x00000000ed2d0000,0x00000000ed2d0000,0x00000000ed540000)
  to   space 2496K, 0% used [0x00000000ed060000,0x00000000ed060000,0x00000000ed2d0000)
 ParOldGen       total 40832K, used 0K [0x00000000c4400000, 0x00000000c6be0000, 0x00000000ec160000)
  object space 40832K, 0% used [0x00000000c4400000,0x00000000c4400000,0x00000000c6be0000)
 PSPermGen       total 21248K, used 10241K [0x00000000bf200000, 0x00000000c06c0000, 0x00000000c4400000)
  object space 21248K, 48% used [0x00000000bf200000,0x00000000bfc00730,0x00000000c06c0000)
Event: 0.546 GC heap after
Heap after GC invocations=1 (full 0):
 PSYoungGen      total 17856K, used 2480K [0x00000000ec160000, 0x00000000ee440000, 0x0000000100000000)
  eden space 15360K, 0% used [0x00000000ec160000,0x00000000ec160000,0x00000000ed060000)
  from space 2496K, 99% used [0x00000000ed060000,0x00000000ed2cc010,0x00000000ed2d0000)
  to   space 2496K, 0% used [0x00000000ee1d0000,0x00000000ee1d0000,0x00000000ee440000)
 ParOldGen       total 40832K, used 16K [0x00000000c4400000, 0x00000000c6be0000, 0x00000000ec160000)
  object space 40832K, 0% used [0x00000000c4400000,0x00000000c4404000,0x00000000c6be0000)
 PSPermGen       total 21248K, used 10241K [0x00000000bf200000, 0x00000000c06c0000, 0x00000000c4400000)
  object space 21248K, 48% used [0x00000000bf200000,0x00000000bfc00730,0x00000000c06c0000)
}
Event: 0.966 GC heap before
{Heap before GC invocations=2 (full 0):
 PSYoungGen      total 17856K, used 17840K [0x00000000ec160000, 0x00000000ee440000, 0x0000000100000000)
  eden space 15360K, 100% used [0x00000000ec160000,0x00000000ed060000,0x00000000ed060000)
  from space 2496K, 99% used [0x00000000ed060000,0x00000000ed2cc010,0x00000000ed2d0000)
  to   space 2496K, 0% used [0x00000000ee1d0000,0x00000000ee1d0000,0x00000000ee440000)
 ParOldGen       total 40832K, used 16K [0x00000000c4400000, 0x00000000c6be0000, 0x00000000ec160000)
  object space 40832K, 0% used [0x00000000c4400000,0x00000000c4404000,0x00000000c6be0000)
 PSPermGen       total 21248K, used 16500K [0x00000000bf200000, 0x00000000c06c0000, 0x00000000c4400000)
  object space 21248K, 77% used [0x00000000bf200000,0x00000000c021d0c0,0x00000000c06c0000)
Event: 0.984 GC heap after
Heap after GC invocations=2 (full 0):
 PSYoungGen      total 33216K, used 2464K [0x00000000ec160000, 0x00000000ee440000, 0x0000000100000000)
  eden space 30720K, 0% used [0x00000000ec160000,0x00000000ec160000,0x00000000edf60000)
  from space 2496K, 98% used [0x00000000ee1d0000,0x00000000ee438020,0x00000000ee440000)
  to   space 2496K, 0% used [0x00000000edf60000,0x00000000edf60000,0x00000000ee1d0000)
 ParOldGen       total 40832K, used 2156K [0x00000000c4400000, 0x00000000c6be0000, 0x00000000ec160000)
  object space 40832K, 5% used [0x00000000c4400000,0x00000000c461b1b8,0x00000000c6be0000)
 PSPermGen       total 21248K, used 16500K [0x00000000bf200000, 0x00000000c06c0000, 0x00000000c4400000)
  object space 21248K, 77% used [0x00000000bf200000,0x00000000c021d0c0,0x00000000c06c0000)
}
Event: 3.703 GC heap before
{Heap before GC invocations=3 (full 0):
 PSYoungGen      total 33216K, used 33184K [0x00000000ec160000, 0x00000000ee440000, 0x0000000100000000)
  eden space 30720K, 100% used [0x00000000ec160000,0x00000000edf60000,0x00000000edf60000)
  from space 2496K, 98% used [0x00000000ee1d0000,0x00000000ee438020,0x00000000ee440000)
  to   space 2496K, 0% used [0x00000000edf60000,0x00000000edf60000,0x00000000ee1d0000)
 ParOldGen       total 40832K, used 2156K [0x00000000c4400000, 0x00000000c6be0000, 0x00000000ec160000)
  object space 40832K, 5% used [0x00000000c4400000,0x00000000c461b1b8,0x00000000c6be0000)
 PSPermGen       total 22208K, used 22078K [0x00000000bf200000, 0x00000000c07b0000, 0x00000000c4400000)
  object space 22208K, 99% used [0x00000000bf200000,0x00000000c078f810,0x00000000c07b0000)
Event: 3.723 GC heap after
Heap after GC invocations=3 (full 0):
 PSYoungGen      total 33216K, used 2480K [0x00000000ec160000, 0x00000000f0240000, 0x0000000100000000)
  eden space 30720K, 0% used [0x00000000ec160000,0x00000000ec160000,0x00000000edf60000)
  from space 2496K, 99% used [0x00000000edf60000,0x00000000ee1cc010,0x00000000ee1d0000)
  to   space 2496K, 0% used [0x00000000effd0000,0x00000000effd0000,0x00000000f0240000)
 ParOldGen       total 40832K, used 4596K [0x00000000c4400000, 0x00000000c6be0000, 0x00000000ec160000)
  object space 40832K, 11% used [0x00000000c4400000,0x00000000c487d310,0x00000000c6be0000)
 PSPermGen       total 22208K, used 22078K [0x00000000bf200000, 0x00000000c07b0000, 0x00000000c4400000)
  object space 22208K, 99% used [0x00000000bf200000,0x00000000c078f810,0x00000000c07b0000)
}

Deoptimization events (10 events):
Event: 1.044 Thread 0x0000000018489000 Uncommon trap -34 fr.pc 0x00002aaaab61b548
Event: 1.205 Thread 0x0000000018489000 Uncommon trap -34 fr.pc 0x00002aaaab514690
Event: 1.205 Thread 0x0000000018489000 Uncommon trap -83 fr.pc 0x00002aaaab4ddf0c
Event: 1.219 Thread 0x0000000018489000 Uncommon trap -83 fr.pc 0x00002aaaab639900
Event: 2.143 Thread 0x00002aaabc5ba000 Uncommon trap -83 fr.pc 0x00002aaaab660300
Event: 2.570 Thread 0x00002aaabc5ba000 Uncommon trap -83 fr.pc 0x00002aaaab65feec
Event: 2.935 Thread 0x0000000018489000 Uncommon trap -12 fr.pc 0x00002aaaab4d7a54
Event: 3.459 Thread 0x0000000018489000 Uncommon trap -58 fr.pc 0x00002aaaab7183a4
Event: 3.637 Thread 0x0000000018489000 Uncommon trap -12 fr.pc 0x00002aaaab7f2ce8
Event: 3.745 Thread 0x00002aaabc664000 Uncommon trap -83 fr.pc 0x00002aaaab687798

Internal exceptions (10 events):
Event: 3.040 Thread 0x00002aaabc64b800 Threw 0x00000000ed805d70 at /HUDSON/workspace/jdk7u5-2-build-linux-amd64-product/jdk7u5/hotspot/src/share/vm/prims/jni.cpp:741
Event: 3.149 Thread 0x00002aaabc652000 Threw 0x00000000eda5ffe8 at /HUDSON/workspace/jdk7u5-2-build-linux-amd64-product/jdk7u5/hotspot/src/share/vm/prims/jni.cpp:741
Event: 3.415 Thread 0x00002aaabc652000 Threw 0x00000000eda6fce8 at /HUDSON/workspace/jdk7u5-2-build-linux-amd64-product/jdk7u5/hotspot/src/share/vm/prims/jni.cpp:741
Event: 3.518 Thread 0x00002aaabc656800 Threw 0x00000000edcc8358 at /HUDSON/workspace/jdk7u5-2-build-linux-amd64-product/jdk7u5/hotspot/src/share/vm/prims/jni.cpp:741
Event: 3.597 Thread 0x00002aaabc656800 Threw 0x00000000edcd7ed0 at /HUDSON/workspace/jdk7u5-2-build-linux-amd64-product/jdk7u5/hotspot/src/share/vm/prims/jni.cpp:741
Event: 3.637 Thread 0x0000000018489000 Implicit null exception at 0x00002aaaab7f2495 to 0x00002aaaab7f2ccd
Event: 4.020 Thread 0x00002aaabc666000 Threw 0x00000000ec3801d0 at /HUDSON/workspace/jdk7u5-2-build-linux-amd64-product/jdk7u5/hotspot/src/share/vm/prims/jni.cpp:741
Event: 4.060 Thread 0x00002aaabc666000 Threw 0x00000000ec3918b8 at /HUDSON/workspace/jdk7u5-2-build-linux-amd64-product/jdk7u5/hotspot/src/share/vm/prims/jni.cpp:741
Event: 4.284 Thread 0x00002aaabc669800 Threw 0x00000000ec5c3d78 at /HUDSON/workspace/jdk7u5-2-build-linux-amd64-product/jdk7u5/hotspot/src/share/vm/prims/jni.cpp:741
Event: 4.327 Thread 0x00002aaabc669800 Threw 0x00000000ec5d3700 at /HUDSON/workspace/jdk7u5-2-build-linux-amd64-product/jdk7u5/hotspot/src/share/vm/prims/jni.cpp:741

Events (10 events):
Event: 4.326 Thread 0x00002aaabc04a000 flushing nmethod 0x00002aaaab6d8b10
Event: 4.327 Thread 0x00002aaabc04a000 flushing nmethod 0x00002aaaab728050
Event: 4.327 Thread 0x00002aaabc04a000 flushing nmethod 0x00002aaaab7283d0
Event: 4.327 Thread 0x00002aaabc04a000 flushing nmethod 0x00002aaaab728750
Event: 4.327 Thread 0x00002aaabc04a000 flushing nmethod 0x00002aaaab728ad0
Event: 4.761 Executing VM operation: RevokeBias
Event: 4.762 Executing VM operation: RevokeBias done
Event: 4.762 Thread 0x00002aaabc669800 Thread exited: 0x00002aaabc669800
Event: 4.845 loading class 0x00002aaabc0094c0
Event: 4.845 loading class 0x00002aaabc0094c0 done


Dynamic libraries:
00400000-00401000 r-xp 00000000 08:03 3699807                            /usr/java/jdk1.7.0_05/jre/bin/java
00600000-00601000 rw-p 00000000 08:03 3699807                            /usr/java/jdk1.7.0_05/jre/bin/java
18480000-18c55000 rw-p 18480000 00:00 0                                  [heap]
401a2000-401a5000 ---p 401a2000 00:00 0 
401a5000-402a3000 rw-p 401a5000 00:00 0 
402a3000-402a6000 ---p 402a3000 00:00 0 
402a6000-403a4000 rw-p 402a6000 00:00 0 
403a4000-403a7000 ---p 403a4000 00:00 0 
403a7000-404a5000 rw-p 403a7000 00:00 0 
407c2000-407c3000 ---p 407c2000 00:00 0 
407c3000-408c3000 rw-p 407c3000 00:00 0 
40953000-40954000 ---p 40953000 00:00 0 
40954000-40a54000 rw-p 40954000 00:00 0 
41859000-4185a000 ---p 41859000 00:00 0 
4185a000-4195a000 rw-p 4185a000 00:00 0 
4195a000-4195d000 ---p 4195a000 00:00 0 
4195d000-41a5b000 rw-p 4195d000 00:00 0 
41a5b000-41a5e000 ---p 41a5b000 00:00 0 
41a5e000-41b5c000 rw-p 41a5e000 00:00 0 
41b5c000-41b5f000 ---p 41b5c000 00:00 0 
41b5f000-41c5d000 rw-p 41b5f000 00:00 0 
41e89000-41e8c000 ---p 41e89000 00:00 0 
41e8c000-41f8a000 rw-p 41e8c000 00:00 0 
41f8a000-41f8d000 ---p 41f8a000 00:00 0 
41f8d000-4208b000 rw-p 41f8d000 00:00 0 
4208b000-4208e000 ---p 4208b000 00:00 0 
4208e000-4218c000 rw-p 4208e000 00:00 0 
4218c000-4218d000 ---p 4218c000 00:00 0 
4218d000-4228d000 rw-p 4218d000 00:00 0 
bf200000-c07b0000 rw-p bf200000 00:00 0 
c07b0000-c4400000 rw-p c07b0000 00:00 0 
c4400000-c6be0000 rw-p c4400000 00:00 0 
c6be0000-ec160000 rw-p c6be0000 00:00 0 
ec160000-f0240000 rw-p ec160000 00:00 0 
f0240000-100000000 rw-p f0240000 00:00 0 
303e400000-303e41c000 r-xp 00000000 08:03 5990857                        /lib64/ld-2.5.so
303e61c000-303e61d000 r--p 0001c000 08:03 5990857                        /lib64/ld-2.5.so
303e61d000-303e61e000 rw-p 0001d000 08:03 5990857                        /lib64/ld-2.5.so
303e800000-303e94e000 r-xp 00000000 08:03 5990859                        /lib64/libc-2.5.so
303e94e000-303eb4d000 ---p 0014e000 08:03 5990859                        /lib64/libc-2.5.so
303eb4d000-303eb51000 r--p 0014d000 08:03 5990859                        /lib64/libc-2.5.so
303eb51000-303eb52000 rw-p 00151000 08:03 5990859                        /lib64/libc-2.5.so
303eb52000-303eb57000 rw-p 303eb52000 00:00 0 
303ec00000-303ec02000 r-xp 00000000 08:03 5990877                        /lib64/libdl-2.5.so
303ec02000-303ee02000 ---p 00002000 08:03 5990877                        /lib64/libdl-2.5.so
303ee02000-303ee03000 r--p 00002000 08:03 5990877                        /lib64/libdl-2.5.so
303ee03000-303ee04000 rw-p 00003000 08:03 5990877                        /lib64/libdl-2.5.so
303f000000-303f082000 r-xp 00000000 08:03 5990879                        /lib64/libm-2.5.so
303f082000-303f281000 ---p 00082000 08:03 5990879                        /lib64/libm-2.5.so
303f281000-303f282000 r--p 00081000 08:03 5990879                        /lib64/libm-2.5.so
303f282000-303f283000 rw-p 00082000 08:03 5990879                        /lib64/libm-2.5.so
303f400000-303f416000 r-xp 00000000 08:03 5990870                        /lib64/libpthread-2.5.so
303f416000-303f615000 ---p 00016000 08:03 5990870                        /lib64/libpthread-2.5.so
303f615000-303f616000 r--p 00015000 08:03 5990870                        /lib64/libpthread-2.5.so
303f616000-303f617000 rw-p 00016000 08:03 5990870                        /lib64/libpthread-2.5.so
303f617000-303f61b000 rw-p 303f617000 00:00 0 
303fc00000-303fc07000 r-xp 00000000 08:03 5990871                        /lib64/librt-2.5.so
303fc07000-303fe07000 ---p 00007000 08:03 5990871                        /lib64/librt-2.5.so
303fe07000-303fe08000 r--p 00007000 08:03 5990871                        /lib64/librt-2.5.so
303fe08000-303fe09000 rw-p 00008000 08:03 5990871                        /lib64/librt-2.5.so
3042000000-3042011000 r-xp 00000000 08:03 5990957                        /lib64/libresolv-2.5.so
3042011000-3042211000 ---p 00011000 08:03 5990957                        /lib64/libresolv-2.5.so
3042211000-3042212000 r--p 00011000 08:03 5990957                        /lib64/libresolv-2.5.so
3042212000-3042213000 rw-p 00012000 08:03 5990957                        /lib64/libresolv-2.5.so
3042213000-3042215000 rw-p 3042213000 00:00 0 
3046400000-304640d000 r-xp 00000000 08:03 5990880                        /lib64/libgcc_s-4.1.2-20080825.so.1
304640d000-304660d000 ---p 0000d000 08:03 5990880                        /lib64/libgcc_s-4.1.2-20080825.so.1
304660d000-304660e000 rw-p 0000d000 08:03 5990880                        /lib64/libgcc_s-4.1.2-20080825.so.1
2aaaaaac4000-2aaaaaad3000 r-xp 00000000 08:03 3699866                    /usr/java/jdk1.7.0_05/jre/lib/amd64/libverify.so
2aaaaaad3000-2aaaaacd2000 ---p 0000f000 08:03 3699866                    /usr/java/jdk1.7.0_05/jre/lib/amd64/libverify.so
2aaaaacd2000-2aaaaacd4000 rw-p 0000e000 08:03 3699866                    /usr/java/jdk1.7.0_05/jre/lib/amd64/libverify.so
2aaaaacd4000-2aaaaacfd000 r-xp 00000000 08:03 3699841                    /usr/java/jdk1.7.0_05/jre/lib/amd64/libjava.so
2aaaaacfd000-2aaaaaefd000 ---p 00029000 08:03 3699841                    /usr/java/jdk1.7.0_05/jre/lib/amd64/libjava.so
2aaaaaefd000-2aaaaaeff000 rw-p 00029000 08:03 3699841                    /usr/java/jdk1.7.0_05/jre/lib/amd64/libjava.so
2aaaaaeff000-2aaaaaf00000 r--p 2aaaaaeff000 00:00 0 
2aaaaaf00000-2aaaaaf01000 rw-p 2aaaaaf00000 00:00 0 
2aaaaaf01000-2aaaaaf09000 rw-s 00000000 08:03 12865339                   /tmp/hsperfdata_ian/1304
2aaaaaf19000-2aaaaaf23000 r-xp 00000000 08:03 5990719                    /lib64/libnss_files-2.5.so
2aaaaaf23000-2aaaab122000 ---p 0000a000 08:03 5990719                    /lib64/libnss_files-2.5.so
2aaaab122000-2aaaab123000 r--p 00009000 08:03 5990719                    /lib64/libnss_files-2.5.so
2aaaab123000-2aaaab124000 rw-p 0000a000 08:03 5990719                    /lib64/libnss_files-2.5.so
2aaaab124000-2aaaab13e000 r-xp 00000000 08:03 3699867                    /usr/java/jdk1.7.0_05/jre/lib/amd64/libzip.so
2aaaab13e000-2aaaab33e000 ---p 0001a000 08:03 3699867                    /usr/java/jdk1.7.0_05/jre/lib/amd64/libzip.so
2aaaab33e000-2aaaab33f000 rw-p 0001a000 08:03 3699867                    /usr/java/jdk1.7.0_05/jre/lib/amd64/libzip.so
2aaaab33f000-2aaaab88f000 rwxp 2aaaab33f000 00:00 0 
2aaaab88f000-2aaab133f000 rw-p 2aaaab88f000 00:00 0 
2aaab133f000-2aaab1355000 rw-p 2aaab133f000 00:00 0 
2aaab1355000-2aaab14bf000 rw-p 2aaab1355000 00:00 0 
2aaab14bf000-2aaab14ca000 rw-p 2aaab14bf000 00:00 0 
2aaab14ca000-2aaab14e8000 rw-p 2aaab14ca000 00:00 0 
2aaab14e8000-2aaab14fc000 rw-p 2aaab14e8000 00:00 0 
2aaab14fc000-2aaab1626000 rw-p 2aaab14fc000 00:00 0 
2aaab1626000-2aaab1648000 rw-p 2aaab1626000 00:00 0 
2aaab1648000-2aaab16c6000 rw-p 2aaab1648000 00:00 0 
2aaab16c6000-2aaab16db000 rw-p 2aaab16c6000 00:00 0 
2aaab16db000-2aaab1806000 rw-p 2aaab16db000 00:00 0 
2aaab1806000-2aaab1811000 rw-p 2aaab1806000 00:00 0 
2aaab1811000-2aaab182f000 rw-p 2aaab1811000 00:00 0 
2aaab182f000-2aaab40e3000 rw-p 2aaab182f000 00:00 0 
2aaab40e3000-2aaab42a3000 r--s 03a30000 08:03 3699912                    /usr/java/jdk1.7.0_05/jre/lib/rt.jar
2aaab42a3000-2aaab4314000 rw-p 2aaab42a3000 00:00 0 
2aaab4314000-2aaab43f7000 r--s 00bd1000 09:00 231505998                  /home/ian/.lein/self-installs/leiningen-2.0.0-RC2-standalone.jar
2aaab43f7000-2aaab4da0000 rw-p 2aaab43f7000 00:00 0 
2aaab4da0000-2aaab837a000 r--p 00000000 08:03 1921413                    /usr/lib/locale/locale-archive
2aaab837a000-2aaab838a000 r-xp 00000000 08:03 3699856                    /usr/java/jdk1.7.0_05/jre/lib/amd64/libnio.so
2aaab838a000-2aaab858a000 ---p 00010000 08:03 3699856                    /usr/java/jdk1.7.0_05/jre/lib/amd64/libnio.so
2aaab858a000-2aaab858b000 rw-p 00010000 08:03 3699856                    /usr/java/jdk1.7.0_05/jre/lib/amd64/libnio.so
2aaab858b000-2aaab85a0000 r-xp 00000000 08:03 3699855                    /usr/java/jdk1.7.0_05/jre/lib/amd64/libnet.so
2aaab85a0000-2aaab87a0000 ---p 00015000 08:03 3699855                    /usr/java/jdk1.7.0_05/jre/lib/amd64/libnet.so
2aaab87a0000-2aaab87a1000 rw-p 00015000 08:03 3699855                    /usr/java/jdk1.7.0_05/jre/lib/amd64/libnet.so
2aaab87a1000-2aaab87a6000 r--s 00088000 08:03 3699906                    /usr/java/jdk1.7.0_05/jre/lib/jsse.jar
2aaab87a6000-2aaab87a9000 r--s 00018000 08:03 3699893                    /usr/java/jdk1.7.0_05/jre/lib/jce.jar
2aaab87a9000-2aaab87aa000 r--s 00003000 08:03 3732021                    /usr/java/jdk1.7.0_05/jre/lib/ext/sunec.jar
2aaab87aa000-2aaab87dc000 r-xp 00000000 08:03 3699863                    /usr/java/jdk1.7.0_05/jre/lib/amd64/libsunec.so
2aaab87dc000-2aaab89db000 ---p 00032000 08:03 3699863                    /usr/java/jdk1.7.0_05/jre/lib/amd64/libsunec.so
2aaab89db000-2aaab89e1000 rw-p 00031000 08:03 3699863                    /usr/java/jdk1.7.0_05/jre/lib/amd64/libsunec.so
2aaab89e1000-2aaab89f1000 rw-p 2aaab89e1000 00:00 0 
2aaab89f1000-2aaab89f4000 r--s 0002d000 08:03 3732022                    /usr/java/jdk1.7.0_05/jre/lib/ext/sunjce_provider.jar
2aaab89f4000-2aaab89f5000 r--s 00001000 09:00 231506641                  /home/ian/.m2/repository/thneed/thneed/1.0.0-SNAPSHOT/thneed-1.0.0-SNAPSHOT.jar
2aaab89f5000-2aaab8a2f000 r--s 00302000 09:00 231506633                  /home/ian/.m2/repository/org/clojure/clojure/1.3.0/clojure-1.3.0.jar
2aaab8a2f000-2aaab8a30000 r--s 00002000 09:00 231506638                  /home/ian/.m2/repository/trammel/trammel/0.7.0/trammel-0.7.0.jar
2aaab8a30000-2aaab8a31000 r--s 00000000 09:00 231506635                  /home/ian/.m2/repository/lein-tarsier/lein-tarsier/0.9.1/lein-tarsier-0.9.1.jar
2aaab8a49000-2aaab8a4d000 r-xp 00000000 08:03 5990715                    /lib64/libnss_dns-2.5.so
2aaab8a4d000-2aaab8c4c000 ---p 00004000 08:03 5990715                    /lib64/libnss_dns-2.5.so
2aaab8c4c000-2aaab8c4d000 r--p 00003000 08:03 5990715                    /lib64/libnss_dns-2.5.so
2aaab8c4d000-2aaab8c4e000 rw-p 00004000 08:03 5990715                    /lib64/libnss_dns-2.5.so
2aaabc000000-2aaabc679000 rw-p 2aaabc000000 00:00 0 
2aaabc679000-2aaac0000000 ---p 2aaabc679000 00:00 0 
2b37210b6000-2b37210b8000 rw-p 2b37210b6000 00:00 0 
2b37210d0000-2b37210e6000 r-xp 00000000 08:03 3699826                    /usr/java/jdk1.7.0_05/jre/lib/amd64/jli/libjli.so
2b37210e6000-2b37212e5000 ---p 00016000 08:03 3699826                    /usr/java/jdk1.7.0_05/jre/lib/amd64/jli/libjli.so
2b37212e5000-2b37212e6000 rw-p 00015000 08:03 3699826                    /usr/java/jdk1.7.0_05/jre/lib/amd64/jli/libjli.so
2b37212e6000-2b37212e9000 rw-p 2b37212e6000 00:00 0 
2b37212e9000-2b3721d2a000 r-xp 00000000 08:03 3699871                    /usr/java/jdk1.7.0_05/jre/lib/amd64/server/libjvm.so
2b3721d2a000-2b3721f29000 ---p 00a41000 08:03 3699871                    /usr/java/jdk1.7.0_05/jre/lib/amd64/server/libjvm.so
2b3721f29000-2b3721fcd000 rw-p 00a40000 08:03 3699871                    /usr/java/jdk1.7.0_05/jre/lib/amd64/server/libjvm.so
2b3721fcd000-2b3722008000 rw-p 2b3721fcd000 00:00 0 
7fff8d7fd000-7fff8d812000 rw-p 7ffffffe9000 00:00 0                      [stack]
7fff8d9b4000-7fff8d9b7000 r-xp 7fff8d9b4000 00:00 0                      [vdso]
ffffffffff600000-ffffffffffe00000 ---p 00000000 00:00 0                  [vsyscall]

VM Arguments:
jvm_args: -XX:+TieredCompilation -Xbootclasspath/a:/home/ian/.lein/self-installs/leiningen-2.0.0-RC2-standalone.jar -Dfile.encoding=UTF-8 -Dmaven.wagon.http.ssl.easy=false -Dleiningen.original.pwd=/home/ian/clojure-shit/the_known_net -Dleiningen.script=/usr/local/bin/lein 
java_command: clojure.main -m leiningen.core.main deps
Launcher Type: SUN_STANDARD

Environment Variables:
JAVA_HOME=/usr/java/jdk1.7.0_05
CLASSPATH=:/home/ian/.lein/self-installs/leiningen-2.0.0-RC2-standalone.jar
PATH=/usr/kerberos/bin:/usr/local/bin:/bin:/usr/bin:/usr/local/src/grails-2.0.4/bin:/home/ian/bin
SHELL=/bin/bash

Signal Handlers:
SIGSEGV: [libjvm.so+0x8a0d50], sa_mask[0]=0x7ffbfeff, sa_flags=0x10000004
SIGBUS: [libjvm.so+0x8a0d50], sa_mask[0]=0x7ffbfeff, sa_flags=0x10000004
SIGFPE: [libjvm.so+0x73d6e0], sa_mask[0]=0x7ffbfeff, sa_flags=0x10000004
SIGPIPE: [libjvm.so+0x73d6e0], sa_mask[0]=0x7ffbfeff, sa_flags=0x10000004
SIGXFSZ: [libjvm.so+0x73d6e0], sa_mask[0]=0x7ffbfeff, sa_flags=0x10000004
SIGILL: [libjvm.so+0x73d6e0], sa_mask[0]=0x7ffbfeff, sa_flags=0x10000004
SIGUSR1: SIG_DFL, sa_mask[0]=0x00000000, sa_flags=0x00000000
SIGUSR2: [libjvm.so+0x73d030], sa_mask[0]=0x00000000, sa_flags=0x10000004
SIGHUP: [libjvm.so+0x73f3c0], sa_mask[0]=0x7ffbfeff, sa_flags=0x10000004
SIGINT: [libjvm.so+0x73f3c0], sa_mask[0]=0x7ffbfeff, sa_flags=0x10000004
SIGTERM: [libjvm.so+0x73f3c0], sa_mask[0]=0x7ffbfeff, sa_flags=0x10000004
SIGQUIT: [libjvm.so+0x73f3c0], sa_mask[0]=0x7ffbfeff, sa_flags=0x10000004


---------------  S Y S T E M  ---------------

OS:CentOS release 5.8 (Final)

uname:Linux 2.6.18-308.11.1.el5 #1 SMP Tue Jul 10 08:48:43 EDT 2012 x86_64
libc:glibc 2.5 NPTL 2.5 
rlimit: STACK 10240k, CORE 0k, NPROC 40960, NOFILE 1024, AS infinity
load average:0.00 0.02 0.00

/proc/meminfo:
MemTotal:      3912332 kB
MemFree:        111952 kB
Buffers:        223036 kB
Cached:        2733500 kB
SwapCached:      34048 kB
Active:        1101952 kB
Inactive:      2423984 kB
HighTotal:           0 kB
HighFree:            0 kB
LowTotal:      3912332 kB
LowFree:        111952 kB
SwapTotal:     1052248 kB
SwapFree:       912224 kB
Dirty:             412 kB
Writeback:           0 kB
AnonPages:      568260 kB
Mapped:          50244 kB
Slab:           235296 kB
PageTables:      14136 kB
NFS_Unstable:        0 kB
Bounce:              0 kB
CommitLimit:   3008412 kB
Committed_AS:  1368476 kB
VmallocTotal: 34359738367 kB
VmallocUsed:      1004 kB
VmallocChunk: 34359737331 kB
HugePages_Total:     0
HugePages_Free:      0
HugePages_Rsvd:      0
Hugepagesize:     2048 kB


CPU:total 2 (2 cores per cpu, 1 threads per core) family 6 model 15 stepping 11, cmov, cx8, fxsr, mmx, sse, sse2, sse3, ssse3, tsc

/proc/cpuinfo:
processor	: 0
vendor_id	: GenuineIntel
cpu family	: 6
model		: 15
model name	: Intel(R) Core(TM)2 Duo CPU     E6750  @ 2.66GHz
stepping	: 11
cpu MHz		: 2666.667
cache size	: 4096 KB
physical id	: 0
siblings	: 2
core id		: 0
cpu cores	: 2
apicid		: 0
fpu		: yes
fpu_exception	: yes
cpuid level	: 10
wp		: yes
flags		: fpu vme de pse tsc msr pae mce cx8 apic sep mtrr pge mca cmov pat pse36 clflush dts acpi mmx fxsr sse sse2 ss ht tm syscall nx lm constant_tsc pni monitor ds_cpl vmx smx est tm2 ssse3 cx16 xtpr lahf_lm
bogomips	: 5333.33
clflush size	: 64
cache_alignment	: 64
address sizes	: 36 bits physical, 48 bits virtual
power management:

processor	: 1
vendor_id	: GenuineIntel
cpu family	: 6
model		: 15
model name	: Intel(R) Core(TM)2 Duo CPU     E6750  @ 2.66GHz
stepping	: 11
cpu MHz		: 2666.667
cache size	: 4096 KB
physical id	: 0
siblings	: 2
core id		: 1
cpu cores	: 2
apicid		: 1
fpu		: yes
fpu_exception	: yes
cpuid level	: 10
wp		: yes
flags		: fpu vme de pse tsc msr pae mce cx8 apic sep mtrr pge mca cmov pat pse36 clflush dts acpi mmx fxsr sse sse2 ss ht tm syscall nx lm constant_tsc pni monitor ds_cpl vmx smx est tm2 ssse3 cx16 xtpr lahf_lm
bogomips	: 5333.30
clflush size	: 64
cache_alignment	: 64
address sizes	: 36 bits physical, 48 bits virtual
power management:



Memory: 4k page, physical 3912332k(111952k free), swap 1052248k(912224k free)

vm_info: Java HotSpot(TM) 64-Bit Server VM (23.1-b03) for linux-amd64 JRE (1.7.0_05-b05), built on May 15 2012 17:17:06 by "java_re" with gcc 4.3.0 20080428 (Red Hat 4.3.0-8)

time: Sun Jan 20 18:19:03 2013
elapsed time: 4 seconds

