#
# A fatal error has been detected by the Java Runtime Environment:
#
#  SIGSEGV (0xb) at pc=0x00002aaa6c344060, pid=1615, tid=1101707584
#
# JRE version: 7.0_05-b05
# Java VM: Java HotSpot(TM) 64-Bit Server VM (23.1-b03 mixed mode linux-amd64 compressed oops)
# Problematic frame:
# C  0x00002aaa6c344060
[error occurred during error reporting (printing problematic frame), id 0xb]

# Failed to write core dump. Core dumps have been disabled. To enable core dumping, try "ulimit -c unlimited" before starting Java again
#
# If you would like to submit a bug report, please visit:
#   http://bugreport.sun.com/bugreport/crash.jsp
#

---------------  T H R E A D  ---------------

Current thread (0x0000000018ad9000):  JavaThread "main" [_thread_in_Java, id=1616, stack(0x00000000419ab000,0x0000000041aac000)]

siginfo:si_signo=SIGSEGV: si_errno=0, si_code=1 (SEGV_MAPERR), si_addr=0x00002aaa6c344060

Registers:
RAX=0x00000000c0616f30, RBX=0x00000000c080a5c8, RCX=0x0000000000000000, RDX=0x00000000c4883450
RSP=0x0000000041a98e18, RBP=0x00000000c4883450, RSI=0x00000000c4883450, RDI=0x00000000c0616f30
R8 =0x00000000bf483db8, R9 =0x00000000eddaebf8, R10=0x00000000c0616f30, R11=0x00000000c0614ec0
R12=0x0000000000000000, R13=0x0000000041a98f80, R14=0x00000000bf48cbe8, R15=0x0000000018ad9000
RIP=0x00002aaa6c344060, EFLAGS=0x0000000000010246, CSGSFS=0x0000000000000033, ERR=0x0000000000000014
  TRAPNO=0x000000000000000e

Top of Stack: (sp=0x0000000041a98e18)
0x0000000041a98e18:   00002aaaab53ca1c 00000000eddaeb90
0x0000000041a98e28:   00000000c4519d60 00000000eddae630
0x0000000041a98e38:   0000000200000005 0000000000000004
0x0000000041a98e48:   eddaeb9000000005 0000000000000010
0x0000000041a98e58:   00000000eddaec10 00000000eddaec20
0x0000000041a98e68:   c4519d60eddae630 00000000c4883450
0x0000000041a98e78:   00002aaaab820cf4 000000000000000a
0x0000000041a98e88:   0000000000000028 0000000000000006
0x0000000041a98e98:   00002aaabc0dbe70 000000000000000a
0x0000000041a98ea8:   0000000018ad9000 00000000c4883450
0x0000000041a98eb8:   00002aaaab80a280 00000000eddaeba0
0x0000000041a98ec8:   00000000eddaeb68 00000000eddaebf8
0x0000000041a98ed8:   00000000eddad078 00000000eddaeb90
0x0000000041a98ee8:   0000000018ad98f0 0000000041a98fd8
0x0000000041a98ef8:   00002aaaab51cca4 0000000000000001
0x0000000041a98f08:   00000000eddae9c0 0000000041a98fd8
0x0000000041a98f18:   00002aaaab50eafc 00000000eddaea00
0x0000000041a98f28:   00000000eddae9c0 00000005c441a268
0x0000000041a98f38:   00000000eddae9c0 00000000eddaeb68
0x0000000041a98f48:   00000000c4883450 00000000eddad078
0x0000000041a98f58:   00000000eddaeb68 0000000041a98fd8
0x0000000041a98f68:   00002aaaab3459e1 0000000041a98fd8
0x0000000041a98f78:   00002aaaab3459e1 00000000eddad078
0x0000000041a98f88:   00000000c4883450 00000000eddaeb68
0x0000000041a98f98:   0000000041a98f98 00000000bf47fc40
0x0000000041a98fa8:   0000000041a98ff8 00000000bf488778
0x0000000041a98fb8:   00000000bf709380 00000000bf47fc88
0x0000000041a98fc8:   0000000041a98f80 0000000041a99000
0x0000000041a98fd8:   0000000041a99448 00002aaaab48332c
0x0000000041a98fe8:   0000000000000010 00000000eddaeb68
0x0000000041a98ff8:   00000000eddae8e8 0000000041a99278
0x0000000041a99008:   00002aaaab63dcb4 0000000041a99278 

Instructions: (pc=0x00002aaa6c344060)
0x00002aaa6c344040:   
[error occurred during error reporting (printing registers, top of stack, instructions near pc), id 0xb]

Register to memory mapping:

RAX=0x00000000c0616f30 is an oop
{instance class} 
 - klass: {other class}
RBX=0x00000000c080a5c8 is an oop
{method data} 
 - klass: {other class}
RCX=0x0000000000000000 is an unknown value
RDX=0x00000000c4883450 is an oop
net.cgrand.regex.Regex 
 - klass: 'net/cgrand/regex/Regex'
RSP=0x0000000041a98e18 is pointing into the stack for thread: 0x0000000018ad9000
RBP=0x00000000c4883450 is an oop
net.cgrand.regex.Regex 
 - klass: 'net/cgrand/regex/Regex'
RSI=0x00000000c4883450 is an oop
net.cgrand.regex.Regex 
 - klass: 'net/cgrand/regex/Regex'
RDI=0x00000000c0616f30 is an oop
{instance class} 
 - klass: {other class}
R8 =0x00000000bf483db8 is an oop
{instance class} 
 - klass: {other class}
R9 =0x00000000eddaebf8 is an oop
clojure.lang.PersistentHashMap$BitmapIndexedNode 
 - klass: 'clojure/lang/PersistentHashMap$BitmapIndexedNode'
R10=0x00000000c0616f30 is an oop
{instance class} 
 - klass: {other class}
R11=0x00000000c0614ec0 is an oop
{method} 
 - klass: {other class}
R12=0x0000000000000000 is an unknown value
R13=0x0000000041a98f80 is pointing into the stack for thread: 0x0000000018ad9000
R14=0x00000000bf48cbe8 is an oop
{instance class} 
 - klass: {other class}
R15=0x0000000018ad9000 is a thread


Stack: [0x00000000419ab000,0x0000000041aac000],  sp=0x0000000041a98e18,  free space=951k
Native frames: (J=compiled Java code, j=interpreted, Vv=VM code, C=native code)
C  0x00002aaa6c344060
[error occurred during error reporting (printing native stack), id 0xb]


---------------  P R O C E S S  ---------------

Java Threads: ( => current thread )
  0x00002aaabc04a800 JavaThread "Service Thread" daemon [_thread_blocked, id=1625, stack(0x000000004216e000,0x000000004226f000)]
  0x00002aaabc048800 JavaThread "C1 CompilerThread1" daemon [_thread_blocked, id=1624, stack(0x000000004206d000,0x000000004216e000)]
  0x00002aaabc045800 JavaThread "C2 CompilerThread0" daemon [_thread_in_native, id=1623, stack(0x0000000041f6c000,0x000000004206d000)]
  0x00002aaabc043000 JavaThread "Signal Dispatcher" daemon [_thread_blocked, id=1622, stack(0x0000000041e6b000,0x0000000041f6c000)]
  0x0000000018b70000 JavaThread "Finalizer" daemon [_thread_blocked, id=1621, stack(0x0000000041d6a000,0x0000000041e6b000)]
  0x0000000018b6d800 JavaThread "Reference Handler" daemon [_thread_blocked, id=1620, stack(0x0000000041c69000,0x0000000041d6a000)]
=>0x0000000018ad9000 JavaThread "main" [_thread_in_Java, id=1616, stack(0x00000000419ab000,0x0000000041aac000)]

Other Threads:
  0x0000000018b66000 VMThread [stack: 0x0000000041b68000,0x0000000041c69000] [id=1619]
  0x00002aaabc055800 WatcherThread [stack: 0x000000004226f000,0x0000000042370000] [id=1626]

VM state:not at safepoint (normal execution)

VM Mutex/Monitor currently owned by a thread: None

Heap
 PSYoungGen      total 63936K, used 31969K [0x00000000ec160000, 0x00000000f0240000, 0x0000000100000000)
  eden space 61440K, 47% used [0x00000000ec160000,0x00000000ede2c660,0x00000000efd60000)
  from space 2496K, 99% used [0x00000000effd0000,0x00000000f023c010,0x00000000f0240000)
  to   space 2496K, 0% used [0x00000000efd60000,0x00000000efd60000,0x00000000effd0000)
 ParOldGen       total 40832K, used 5308K [0x00000000c4400000, 0x00000000c6be0000, 0x00000000ec160000)
  object space 40832K, 13% used [0x00000000c4400000,0x00000000c492f140,0x00000000c6be0000)
 PSPermGen       total 22784K, used 22647K [0x00000000bf200000, 0x00000000c0840000, 0x00000000c4400000)
  object space 22784K, 99% used [0x00000000bf200000,0x00000000c081de28,0x00000000c0840000)

Code Cache  [0x00002aaaab33f000, 0x00002aaaab82f000, 0x00002aaab133f000)
 total_blobs=1842 nmethods=1523 adapters=236 free_code_cache=93302Kb largest_free_block=95517056

Compilation events (10 events):
Event: 1.995 Thread 0x00002aaabc048800   15 %     3       clojure.lang.APersistentSet::hasheq @ 7 (37 bytes)
Event: 1.995 Thread 0x00002aaabc048800 nmethod 15% 0x00002aaaab824850 code [0x00002aaaab824a40, 0x00002aaaab8251e0]
Event: 1.995 Thread 0x00002aaabc048800 1613       3       clojure.lang.SeqIterator::next (36 bytes)
Event: 1.996 Thread 0x00002aaabc048800 nmethod 1613 0x00002aaaab823950 code [0x00002aaaab823b60, 0x00002aaaab824530]
Event: 1.996 Thread 0x00002aaabc048800 1612       3       clojure.lang.LazySeq::hashCode (19 bytes)
Event: 1.996 Thread 0x00002aaabc048800 nmethod 1612 0x00002aaaab823210 code [0x00002aaaab8233a0, 0x00002aaaab823830]
Event: 1.997 Thread 0x00002aaabc048800 1615       3       net.cgrand.regex.Regex::hashCode (8 bytes)
Event: 1.997 Thread 0x00002aaabc048800 nmethod 1615 0x00002aaaab820b10 code [0x00002aaaab820c80, 0x00002aaaab820e50]
Event: 1.997 Thread 0x00002aaabc048800 1616       3       net.cgrand.regex.Regex::seq (77 bytes)
Event: 1.998 Thread 0x00002aaabc048800 nmethod 1616 0x00002aaaab825ed0 code [0x00002aaaab826100, 0x00002aaaab827030]

GC Heap History (8 events):
Event: 0.550 GC heap before
{Heap before GC invocations=1 (full 0):
 PSYoungGen      total 17856K, used 15360K [0x00000000ec160000, 0x00000000ed540000, 0x0000000100000000)
  eden space 15360K, 100% used [0x00000000ec160000,0x00000000ed060000,0x00000000ed060000)
  from space 2496K, 0% used [0x00000000ed2d0000,0x00000000ed2d0000,0x00000000ed540000)
  to   space 2496K, 0% used [0x00000000ed060000,0x00000000ed060000,0x00000000ed2d0000)
 ParOldGen       total 40832K, used 0K [0x00000000c4400000, 0x00000000c6be0000, 0x00000000ec160000)
  object space 40832K, 0% used [0x00000000c4400000,0x00000000c4400000,0x00000000c6be0000)
 PSPermGen       total 21248K, used 10215K [0x00000000bf200000, 0x00000000c06c0000, 0x00000000c4400000)
  object space 21248K, 48% used [0x00000000bf200000,0x00000000bfbf9cd8,0x00000000c06c0000)
Event: 0.561 GC heap after
Heap after GC invocations=1 (full 0):
 PSYoungGen      total 17856K, used 2480K [0x00000000ec160000, 0x00000000ee440000, 0x0000000100000000)
  eden space 15360K, 0% used [0x00000000ec160000,0x00000000ec160000,0x00000000ed060000)
  from space 2496K, 99% used [0x00000000ed060000,0x00000000ed2cc010,0x00000000ed2d0000)
  to   space 2496K, 0% used [0x00000000ee1d0000,0x00000000ee1d0000,0x00000000ee440000)
 ParOldGen       total 40832K, used 16K [0x00000000c4400000, 0x00000000c6be0000, 0x00000000ec160000)
  object space 40832K, 0% used [0x00000000c4400000,0x00000000c4404000,0x00000000c6be0000)
 PSPermGen       total 21248K, used 10215K [0x00000000bf200000, 0x00000000c06c0000, 0x00000000c4400000)
  object space 21248K, 48% used [0x00000000bf200000,0x00000000bfbf9cd8,0x00000000c06c0000)
}
Event: 1.009 GC heap before
{Heap before GC invocations=2 (full 0):
 PSYoungGen      total 17856K, used 17840K [0x00000000ec160000, 0x00000000ee440000, 0x0000000100000000)
  eden space 15360K, 100% used [0x00000000ec160000,0x00000000ed060000,0x00000000ed060000)
  from space 2496K, 99% used [0x00000000ed060000,0x00000000ed2cc010,0x00000000ed2d0000)
  to   space 2496K, 0% used [0x00000000ee1d0000,0x00000000ee1d0000,0x00000000ee440000)
 ParOldGen       total 40832K, used 16K [0x00000000c4400000, 0x00000000c6be0000, 0x00000000ec160000)
  object space 40832K, 0% used [0x00000000c4400000,0x00000000c4404000,0x00000000c6be0000)
 PSPermGen       total 21248K, used 16473K [0x00000000bf200000, 0x00000000c06c0000, 0x00000000c4400000)
  object space 21248K, 77% used [0x00000000bf200000,0x00000000c02167c0,0x00000000c06c0000)
Event: 1.027 GC heap after
Heap after GC invocations=2 (full 0):
 PSYoungGen      total 33216K, used 2464K [0x00000000ec160000, 0x00000000ee440000, 0x0000000100000000)
  eden space 30720K, 0% used [0x00000000ec160000,0x00000000ec160000,0x00000000edf60000)
  from space 2496K, 98% used [0x00000000ee1d0000,0x00000000ee438020,0x00000000ee440000)
  to   space 2496K, 0% used [0x00000000edf60000,0x00000000edf60000,0x00000000ee1d0000)
 ParOldGen       total 40832K, used 2176K [0x00000000c4400000, 0x00000000c6be0000, 0x00000000ec160000)
  object space 40832K, 5% used [0x00000000c4400000,0x00000000c46201c8,0x00000000c6be0000)
 PSPermGen       total 21248K, used 16473K [0x00000000bf200000, 0x00000000c06c0000, 0x00000000c4400000)
  object space 21248K, 77% used [0x00000000bf200000,0x00000000c02167c0,0x00000000c06c0000)
}
Event: 1.407 GC heap before
{Heap before GC invocations=3 (full 0):
 PSYoungGen      total 33216K, used 33184K [0x00000000ec160000, 0x00000000ee440000, 0x0000000100000000)
  eden space 30720K, 100% used [0x00000000ec160000,0x00000000edf60000,0x00000000edf60000)
  from space 2496K, 98% used [0x00000000ee1d0000,0x00000000ee438020,0x00000000ee440000)
  to   space 2496K, 0% used [0x00000000edf60000,0x00000000edf60000,0x00000000ee1d0000)
 ParOldGen       total 40832K, used 2176K [0x00000000c4400000, 0x00000000c6be0000, 0x00000000ec160000)
  object space 40832K, 5% used [0x00000000c4400000,0x00000000c46201c8,0x00000000c6be0000)
 PSPermGen       total 21248K, used 20847K [0x00000000bf200000, 0x00000000c06c0000, 0x00000000c4400000)
  object space 21248K, 98% used [0x00000000bf200000,0x00000000c065bc58,0x00000000c06c0000)
Event: 1.428 GC heap after
Heap after GC invocations=3 (full 0):
 PSYoungGen      total 33216K, used 2480K [0x00000000ec160000, 0x00000000f0240000, 0x0000000100000000)
  eden space 30720K, 0% used [0x00000000ec160000,0x00000000ec160000,0x00000000edf60000)
  from space 2496K, 99% used [0x00000000edf60000,0x00000000ee1cc010,0x00000000ee1d0000)
  to   space 2496K, 0% used [0x00000000effd0000,0x00000000effd0000,0x00000000f0240000)
 ParOldGen       total 40832K, used 4295K [0x00000000c4400000, 0x00000000c6be0000, 0x00000000ec160000)
  object space 40832K, 10% used [0x00000000c4400000,0x00000000c4831ca8,0x00000000c6be0000)
 PSPermGen       total 21248K, used 20847K [0x00000000bf200000, 0x00000000c06c0000, 0x00000000c4400000)
  object space 21248K, 98% used [0x00000000bf200000,0x00000000c065bc58,0x00000000c06c0000)
}
Event: 1.839 GC heap before
{Heap before GC invocations=4 (full 0):
 PSYoungGen      total 33216K, used 33200K [0x00000000ec160000, 0x00000000f0240000, 0x0000000100000000)
  eden space 30720K, 100% used [0x00000000ec160000,0x00000000edf60000,0x00000000edf60000)
  from space 2496K, 99% used [0x00000000edf60000,0x00000000ee1cc010,0x00000000ee1d0000)
  to   space 2496K, 0% used [0x00000000effd0000,0x00000000effd0000,0x00000000f0240000)
 ParOldGen       total 40832K, used 4295K [0x00000000c4400000, 0x00000000c6be0000, 0x00000000ec160000)
  object space 40832K, 10% used [0x00000000c4400000,0x00000000c4831ca8,0x00000000c6be0000)
 PSPermGen       total 22784K, used 22632K [0x00000000bf200000, 0x00000000c0840000, 0x00000000c4400000)
  object space 22784K, 99% used [0x00000000bf200000,0x00000000c081a200,0x00000000c0840000)
Event: 1.857 GC heap after
Heap after GC invocations=4 (full 0):
 PSYoungGen      total 63936K, used 2480K [0x00000000ec160000, 0x00000000f0240000, 0x0000000100000000)
  eden space 61440K, 0% used [0x00000000ec160000,0x00000000ec160000,0x00000000efd60000)
  from space 2496K, 99% used [0x00000000effd0000,0x00000000f023c010,0x00000000f0240000)
  to   space 2496K, 0% used [0x00000000efd60000,0x00000000efd60000,0x00000000effd0000)
 ParOldGen       total 40832K, used 5308K [0x00000000c4400000, 0x00000000c6be0000, 0x00000000ec160000)
  object space 40832K, 13% used [0x00000000c4400000,0x00000000c492f140,0x00000000c6be0000)
 PSPermGen       total 22784K, used 22632K [0x00000000bf200000, 0x00000000c0840000, 0x00000000c4400000)
  object space 22784K, 99% used [0x00000000bf200000,0x00000000c081a200,0x00000000c0840000)
}

Deoptimization events (10 events):
Event: 1.754 Thread 0x0000000018ad9000 Uncommon trap -34 fr.pc 0x00002aaaab523ad0
Event: 1.789 Thread 0x0000000018ad9000 Uncommon trap -58 fr.pc 0x00002aaaab4bf714
Event: 1.820 Thread 0x0000000018ad9000 Uncommon trap -58 fr.pc 0x00002aaaab4bf714
Event: 1.868 Thread 0x0000000018ad9000 Uncommon trap -58 fr.pc 0x00002aaaab4bf714
Event: 1.875 Thread 0x0000000018ad9000 Uncommon trap -58 fr.pc 0x00002aaaab4bf714
Event: 1.903 Thread 0x0000000018ad9000 Uncommon trap -34 fr.pc 0x00002aaaab52608c
Event: 1.903 Thread 0x0000000018ad9000 Uncommon trap -34 fr.pc 0x00002aaaab52608c
Event: 1.903 Thread 0x0000000018ad9000 Uncommon trap -34 fr.pc 0x00002aaaab52608c
Event: 1.903 Thread 0x0000000018ad9000 Uncommon trap -34 fr.pc 0x00002aaaab52608c
Event: 1.950 Thread 0x0000000018ad9000 Uncommon trap -83 fr.pc 0x00002aaaab7ff4cc

Internal exceptions (10 events):
Event: 1.071 Thread 0x0000000018ad9000 Threw 0x00000000ec2799b0 at /HUDSON/workspace/jdk7u5-2-build-linux-amd64-product/jdk7u5/hotspot/src/share/vm/classfile/systemDictio
Event: 1.071 Thread 0x0000000018ad9000 Threw 0x00000000ec27c2b0 at /HUDSON/workspace/jdk7u5-2-build-linux-amd64-product/jdk7u5/hotspot/src/share/vm/runtime/sharedRuntime.
Event: 1.071 Thread 0x0000000018ad9000 Threw 0x00000000ec27d648 at /HUDSON/workspace/jdk7u5-2-build-linux-amd64-product/jdk7u5/hotspot/src/share/vm/runtime/sharedRuntime.
Event: 1.129 Thread 0x0000000018ad9000 Threw 0x00000000ec840c60 at /HUDSON/workspace/jdk7u5-2-build-linux-amd64-product/jdk7u5/hotspot/src/share/vm/classfile/systemDictio
Event: 1.299 Thread 0x0000000018ad9000 Implicit null exception at 0x00002aaaab552cef to 0x00002aaaab554999
Event: 1.350 Thread 0x0000000018ad9000 Threw 0x00000000ed90f248 at /HUDSON/workspace/jdk7u5-2-build-linux-amd64-product/jdk7u5/hotspot/src/share/vm/prims/jvm.cpp:1166
Event: 1.350 Thread 0x0000000018ad9000 Threw 0x00000000ed911140 at /HUDSON/workspace/jdk7u5-2-build-linux-amd64-product/jdk7u5/hotspot/src/share/vm/prims/jvm.cpp:1166
Event: 1.350 Thread 0x0000000018ad9000 Threw 0x00000000ed913b08 at /HUDSON/workspace/jdk7u5-2-build-linux-amd64-product/jdk7u5/hotspot/src/share/vm/prims/jvm.cpp:1166
Event: 1.350 Thread 0x0000000018ad9000 Threw 0x00000000ed915ab8 at /HUDSON/workspace/jdk7u5-2-build-linux-amd64-product/jdk7u5/hotspot/src/share/vm/prims/jvm.cpp:1166
Event: 1.950 Thread 0x0000000018ad9000 Implicit null exception at 0x00002aaaab7ff0bf to 0x00002aaaab7ff4b9

Events (10 events):
Event: 1.903 Thread 0x0000000018ad9000 DEOPT PACKING pc=0x00002aaaab52608c sp=0x0000000041a98940
Event: 1.903 Thread 0x0000000018ad9000 DEOPT UNPACKING pc=0x00002aaaab37814d sp=0x0000000041a98828 mode 2
Event: 1.903 Thread 0x0000000018ad9000 DEOPT PACKING pc=0x00002aaaab52608c sp=0x0000000041a98940
Event: 1.903 Thread 0x0000000018ad9000 DEOPT UNPACKING pc=0x00002aaaab37814d sp=0x0000000041a98828 mode 2
Event: 1.903 Thread 0x0000000018ad9000 DEOPT PACKING pc=0x00002aaaab52608c sp=0x0000000041a98940
Event: 1.903 Thread 0x0000000018ad9000 DEOPT UNPACKING pc=0x00002aaaab37814d sp=0x0000000041a98828 mode 2
Event: 1.903 Thread 0x0000000018ad9000 DEOPT PACKING pc=0x00002aaaab52608c sp=0x0000000041a98940
Event: 1.903 Thread 0x0000000018ad9000 DEOPT UNPACKING pc=0x00002aaaab37814d sp=0x0000000041a98828 mode 2
Event: 1.950 Thread 0x0000000018ad9000 DEOPT PACKING pc=0x00002aaaab7ff4cc sp=0x0000000041a99100
Event: 1.950 Thread 0x0000000018ad9000 DEOPT UNPACKING pc=0x00002aaaab37814d sp=0x0000000041a990b8 mode 2


Dynamic libraries:
00400000-00401000 r-xp 00000000 08:03 3699807                            /usr/java/jdk1.7.0_05/jre/bin/java
00600000-00601000 rw-p 00000000 08:03 3699807                            /usr/java/jdk1.7.0_05/jre/bin/java
18ad0000-191f1000 rw-p 18ad0000 00:00 0                                  [heap]
41620000-41621000 ---p 41620000 00:00 0 
41621000-41721000 rw-p 41621000 00:00 0 
41721000-41722000 ---p 41721000 00:00 0 
41722000-41822000 rw-p 41722000 00:00 0 
419ab000-419ae000 ---p 419ab000 00:00 0 
419ae000-41aac000 rw-p 419ae000 00:00 0 
41b68000-41b69000 ---p 41b68000 00:00 0 
41b69000-41c69000 rw-p 41b69000 00:00 0 
41c69000-41c6c000 ---p 41c69000 00:00 0 
41c6c000-41d6a000 rw-p 41c6c000 00:00 0 
41d6a000-41d6d000 ---p 41d6a000 00:00 0 
41d6d000-41e6b000 rw-p 41d6d000 00:00 0 
41e6b000-41e6e000 ---p 41e6b000 00:00 0 
41e6e000-41f6c000 rw-p 41e6e000 00:00 0 
41f6c000-41f6f000 ---p 41f6c000 00:00 0 
41f6f000-4206d000 rw-p 41f6f000 00:00 0 
4206d000-42070000 ---p 4206d000 00:00 0 
42070000-4216e000 rw-p 42070000 00:00 0 
4216e000-42171000 ---p 4216e000 00:00 0 
42171000-4226f000 rw-p 42171000 00:00 0 
4226f000-42270000 ---p 4226f000 00:00 0 
42270000-42370000 rw-p 42270000 00:00 0 
bf200000-c0840000 rw-p bf200000 00:00 0 
c0840000-c4400000 rw-p c0840000 00:00 0 
c4400000-c6be0000 rw-p c4400000 00:00 0 
c6be0000-ec160000 rw-p c6be0000 00:00 0 
ec160000-f0240000 rw-p ec160000 00:00 0 
f0240000-100000000 rw-p f0240000 00:00 0 
303e400000-303e41c000 r-xp 00000000 08:03 5990857                        /lib64/ld-2.5.so
303e61c000-303e61d000 r--p 0001c000 08:03 5990857                        /lib64/ld-2.5.so
303e61d000-303e61e000 rw-p 0001d000 08:03 5990857                        /lib64/ld-2.5.so
303e800000-303e94e000 r-xp 00000000 08:03 5990859                        /lib64/libc-2.5.so
303e94e000-303eb4d000 ---p 0014e000 08:03 5990859                        /lib64/libc-2.5.so
303eb4d000-303eb51000 r--p 0014d000 08:03 5990859                        /lib64/libc-2.5.so
303eb51000-303eb52000 rw-p 00151000 08:03 5990859                        /lib64/libc-2.5.so
303eb52000-303eb57000 rw-p 303eb52000 00:00 0 
303ec00000-303ec02000 r-xp 00000000 08:03 5990877                        /lib64/libdl-2.5.so
303ec02000-303ee02000 ---p 00002000 08:03 5990877                        /lib64/libdl-2.5.so
303ee02000-303ee03000 r--p 00002000 08:03 5990877                        /lib64/libdl-2.5.so
303ee03000-303ee04000 rw-p 00003000 08:03 5990877                        /lib64/libdl-2.5.so
303f000000-303f082000 r-xp 00000000 08:03 5990879                        /lib64/libm-2.5.so
303f082000-303f281000 ---p 00082000 08:03 5990879                        /lib64/libm-2.5.so
303f281000-303f282000 r--p 00081000 08:03 5990879                        /lib64/libm-2.5.so
303f282000-303f283000 rw-p 00082000 08:03 5990879                        /lib64/libm-2.5.so
303f400000-303f416000 r-xp 00000000 08:03 5990870                        /lib64/libpthread-2.5.so
303f416000-303f615000 ---p 00016000 08:03 5990870                        /lib64/libpthread-2.5.so
303f615000-303f616000 r--p 00015000 08:03 5990870                        /lib64/libpthread-2.5.so
303f616000-303f617000 rw-p 00016000 08:03 5990870                        /lib64/libpthread-2.5.so
303f617000-303f61b000 rw-p 303f617000 00:00 0 
303fc00000-303fc07000 r-xp 00000000 08:03 5990871                        /lib64/librt-2.5.so
303fc07000-303fe07000 ---p 00007000 08:03 5990871                        /lib64/librt-2.5.so
303fe07000-303fe08000 r--p 00007000 08:03 5990871                        /lib64/librt-2.5.so
303fe08000-303fe09000 rw-p 00008000 08:03 5990871                        /lib64/librt-2.5.so
3046400000-304640d000 r-xp 00000000 08:03 5990880                        /lib64/libgcc_s-4.1.2-20080825.so.1
304640d000-304660d000 ---p 0000d000 08:03 5990880                        /lib64/libgcc_s-4.1.2-20080825.so.1
304660d000-304660e000 rw-p 0000d000 08:03 5990880                        /lib64/libgcc_s-4.1.2-20080825.so.1
2aaaaaac4000-2aaaaaad3000 r-xp 00000000 08:03 3699866                    /usr/java/jdk1.7.0_05/jre/lib/amd64/libverify.so
2aaaaaad3000-2aaaaacd2000 ---p 0000f000 08:03 3699866                    /usr/java/jdk1.7.0_05/jre/lib/amd64/libverify.so
2aaaaacd2000-2aaaaacd4000 rw-p 0000e000 08:03 3699866                    /usr/java/jdk1.7.0_05/jre/lib/amd64/libverify.so
2aaaaacd4000-2aaaaacfd000 r-xp 00000000 08:03 3699841                    /usr/java/jdk1.7.0_05/jre/lib/amd64/libjava.so
2aaaaacfd000-2aaaaaefd000 ---p 00029000 08:03 3699841                    /usr/java/jdk1.7.0_05/jre/lib/amd64/libjava.so
2aaaaaefd000-2aaaaaeff000 rw-p 00029000 08:03 3699841                    /usr/java/jdk1.7.0_05/jre/lib/amd64/libjava.so
2aaaaaeff000-2aaaaaf00000 r--p 2aaaaaeff000 00:00 0 
2aaaaaf00000-2aaaaaf01000 rw-p 2aaaaaf00000 00:00 0 
2aaaaaf01000-2aaaaaf09000 rw-s 00000000 08:03 12865339                   /tmp/hsperfdata_ian/1615
2aaaaaf19000-2aaaaaf23000 r-xp 00000000 08:03 5990719                    /lib64/libnss_files-2.5.so
2aaaaaf23000-2aaaab122000 ---p 0000a000 08:03 5990719                    /lib64/libnss_files-2.5.so
2aaaab122000-2aaaab123000 r--p 00009000 08:03 5990719                    /lib64/libnss_files-2.5.so
2aaaab123000-2aaaab124000 rw-p 0000a000 08:03 5990719                    /lib64/libnss_files-2.5.so
2aaaab124000-2aaaab13e000 r-xp 00000000 08:03 3699867                    /usr/java/jdk1.7.0_05/jre/lib/amd64/libzip.so
2aaaab13e000-2aaaab33e000 ---p 0001a000 08:03 3699867                    /usr/java/jdk1.7.0_05/jre/lib/amd64/libzip.so
2aaaab33e000-2aaaab33f000 rw-p 0001a000 08:03 3699867                    /usr/java/jdk1.7.0_05/jre/lib/amd64/libzip.so
2aaaab33f000-2aaaab82f000 rwxp 2aaaab33f000 00:00 0 
2aaaab82f000-2aaab133f000 rw-p 2aaaab82f000 00:00 0 
2aaab133f000-2aaab1353000 rw-p 2aaab133f000 00:00 0 
2aaab1353000-2aaab14bf000 rw-p 2aaab1353000 00:00 0 
2aaab14bf000-2aaab14cb000 rw-p 2aaab14bf000 00:00 0 
2aaab14cb000-2aaab14e8000 rw-p 2aaab14cb000 00:00 0 
2aaab14e8000-2aaab14fc000 rw-p 2aaab14e8000 00:00 0 
2aaab14fc000-2aaab1626000 rw-p 2aaab14fc000 00:00 0 
2aaab1626000-2aaab1648000 rw-p 2aaab1626000 00:00 0 
2aaab1648000-2aaab16c6000 rw-p 2aaab1648000 00:00 0 
2aaab16c6000-2aaab16db000 rw-p 2aaab16c6000 00:00 0 
2aaab16db000-2aaab1806000 rw-p 2aaab16db000 00:00 0 
2aaab1806000-2aaab1812000 rw-p 2aaab1806000 00:00 0 
2aaab1812000-2aaab182f000 rw-p 2aaab1812000 00:00 0 
2aaab182f000-2aaab40e3000 rw-p 2aaab182f000 00:00 0 
2aaab40e3000-2aaab42a3000 r--s 03a30000 08:03 3699912                    /usr/java/jdk1.7.0_05/jre/lib/rt.jar
2aaab42a3000-2aaab4314000 rw-p 2aaab42a3000 00:00 0 
2aaab4314000-2aaab43f7000 r--s 00bd1000 09:00 231505998                  /home/ian/.lein/self-installs/leiningen-2.0.0-RC2-standalone.jar
2aaab43f7000-2aaab4da0000 rw-p 2aaab43f7000 00:00 0 
2aaab4da0000-2aaab837a000 r--p 00000000 08:03 1921413                    /usr/lib/locale/locale-archive
2aaab837a000-2aaab838a000 r-xp 00000000 08:03 3699856                    /usr/java/jdk1.7.0_05/jre/lib/amd64/libnio.so
2aaab838a000-2aaab858a000 ---p 00010000 08:03 3699856                    /usr/java/jdk1.7.0_05/jre/lib/amd64/libnio.so
2aaab858a000-2aaab858b000 rw-p 00010000 08:03 3699856                    /usr/java/jdk1.7.0_05/jre/lib/amd64/libnio.so
2aaab858b000-2aaab85a0000 r-xp 00000000 08:03 3699855                    /usr/java/jdk1.7.0_05/jre/lib/amd64/libnet.so
2aaab85a0000-2aaab87a0000 ---p 00015000 08:03 3699855                    /usr/java/jdk1.7.0_05/jre/lib/amd64/libnet.so
2aaab87a0000-2aaab87a1000 rw-p 00015000 08:03 3699855                    /usr/java/jdk1.7.0_05/jre/lib/amd64/libnet.so
2aaab87a1000-2aaab87a6000 r--s 00088000 08:03 3699906                    /usr/java/jdk1.7.0_05/jre/lib/jsse.jar
2aaab87a6000-2aaab87a9000 r--s 00018000 08:03 3699893                    /usr/java/jdk1.7.0_05/jre/lib/jce.jar
2aaab87a9000-2aaab87aa000 r--s 00003000 08:03 3732021                    /usr/java/jdk1.7.0_05/jre/lib/ext/sunec.jar
2aaab87aa000-2aaab87dc000 r-xp 00000000 08:03 3699863                    /usr/java/jdk1.7.0_05/jre/lib/amd64/libsunec.so
2aaab87dc000-2aaab89db000 ---p 00032000 08:03 3699863                    /usr/java/jdk1.7.0_05/jre/lib/amd64/libsunec.so
2aaab89db000-2aaab89e1000 rw-p 00031000 08:03 3699863                    /usr/java/jdk1.7.0_05/jre/lib/amd64/libsunec.so
2aaab89e1000-2aaab89f1000 rw-p 2aaab89e1000 00:00 0 
2aaab89f1000-2aaab89f4000 r--s 0002d000 08:03 3732022                    /usr/java/jdk1.7.0_05/jre/lib/ext/sunjce_provider.jar
2aaab89f4000-2aaab89f5000 r--s 00001000 09:00 231506641                  /home/ian/.m2/repository/thneed/thneed/1.0.0-SNAPSHOT/thneed-1.0.0-SNAPSHOT.jar
2aaab89f5000-2aaab8a2f000 r--s 00302000 09:00 231506633                  /home/ian/.m2/repository/org/clojure/clojure/1.3.0/clojure-1.3.0.jar
2aaab8a2f000-2aaab8a30000 r--s 00002000 09:00 231506638                  /home/ian/.m2/repository/trammel/trammel/0.7.0/trammel-0.7.0.jar
2aaab8a30000-2aaab8a31000 r--s 00000000 09:00 231506635                  /home/ian/.m2/repository/lein-tarsier/lein-tarsier/0.9.1/lein-tarsier-0.9.1.jar
2aaabc000000-2aaabc5ed000 rw-p 2aaabc000000 00:00 0 
2aaabc5ed000-2aaac0000000 ---p 2aaabc5ed000 00:00 0 
2b3c75873000-2b3c75875000 rw-p 2b3c75873000 00:00 0 
2b3c7588d000-2b3c758a3000 r-xp 00000000 08:03 3699826                    /usr/java/jdk1.7.0_05/jre/lib/amd64/jli/libjli.so
2b3c758a3000-2b3c75aa2000 ---p 00016000 08:03 3699826                    /usr/java/jdk1.7.0_05/jre/lib/amd64/jli/libjli.so
2b3c75aa2000-2b3c75aa3000 rw-p 00015000 08:03 3699826                    /usr/java/jdk1.7.0_05/jre/lib/amd64/jli/libjli.so
2b3c75aa3000-2b3c75aa6000 rw-p 2b3c75aa3000 00:00 0 
2b3c75aa6000-2b3c764e7000 r-xp 00000000 08:03 3699871                    /usr/java/jdk1.7.0_05/jre/lib/amd64/server/libjvm.so
2b3c764e7000-2b3c766e6000 ---p 00a41000 08:03 3699871                    /usr/java/jdk1.7.0_05/jre/lib/amd64/server/libjvm.so
2b3c766e6000-2b3c7678a000 rw-p 00a40000 08:03 3699871                    /usr/java/jdk1.7.0_05/jre/lib/amd64/server/libjvm.so
2b3c7678a000-2b3c767c5000 rw-p 2b3c7678a000 00:00 0 
7fffb8101000-7fffb8116000 rw-p 7ffffffe9000 00:00 0                      [stack]
7fffb8127000-7fffb812a000 r-xp 7fffb8127000 00:00 0                      [vdso]
ffffffffff600000-ffffffffffe00000 ---p 00000000 00:00 0                  [vsyscall]

VM Arguments:
jvm_args: -XX:+TieredCompilation -Xbootclasspath/a:/home/ian/.lein/self-installs/leiningen-2.0.0-RC2-standalone.jar -Dfile.encoding=UTF-8 -Dmaven.wagon.http.ssl.easy=false -Dleiningen.original.pwd=/home/ian/clojure-shit/the_known_net -Dleiningen.script=/usr/local/bin/lein 
java_command: clojure.main -m leiningen.core.main repl
Launcher Type: SUN_STANDARD

Environment Variables:
JAVA_HOME=/usr/java/jdk1.7.0_05
CLASSPATH=:/home/ian/.lein/self-installs/leiningen-2.0.0-RC2-standalone.jar
PATH=/usr/kerberos/bin:/usr/local/bin:/bin:/usr/bin:/usr/local/src/grails-2.0.4/bin:/home/ian/bin
SHELL=/bin/bash

Signal Handlers:
SIGSEGV: [libjvm.so+0x8a0d50], sa_mask[0]=0x7ffbfeff, sa_flags=0x10000004
SIGBUS: [libjvm.so+0x8a0d50], sa_mask[0]=0x7ffbfeff, sa_flags=0x10000004
SIGFPE: [libjvm.so+0x73d6e0], sa_mask[0]=0x7ffbfeff, sa_flags=0x10000004
SIGPIPE: [libjvm.so+0x73d6e0], sa_mask[0]=0x7ffbfeff, sa_flags=0x10000004
SIGXFSZ: [libjvm.so+0x73d6e0], sa_mask[0]=0x7ffbfeff, sa_flags=0x10000004
SIGILL: [libjvm.so+0x73d6e0], sa_mask[0]=0x7ffbfeff, sa_flags=0x10000004
SIGUSR1: SIG_DFL, sa_mask[0]=0x00000000, sa_flags=0x00000000
SIGUSR2: [libjvm.so+0x73d030], sa_mask[0]=0x00000000, sa_flags=0x10000004
SIGHUP: [libjvm.so+0x73f3c0], sa_mask[0]=0x7ffbfeff, sa_flags=0x10000004
SIGINT: [libjvm.so+0x73f3c0], sa_mask[0]=0x7ffbfeff, sa_flags=0x10000004
SIGTERM: [libjvm.so+0x73f3c0], sa_mask[0]=0x7ffbfeff, sa_flags=0x10000004
SIGQUIT: [libjvm.so+0x73f3c0], sa_mask[0]=0x7ffbfeff, sa_flags=0x10000004


---------------  S Y S T E M  ---------------

OS:CentOS release 5.8 (Final)

uname:Linux 2.6.18-308.11.1.el5 #1 SMP Tue Jul 10 08:48:43 EDT 2012 x86_64
libc:glibc 2.5 NPTL 2.5 
rlimit: STACK 10240k, CORE 0k, NPROC 40960, NOFILE 1024, AS infinity
load average:0.13 0.10 0.03

/proc/meminfo:
MemTotal:      3912332 kB
MemFree:        502256 kB
Buffers:        221988 kB
Cached:        2342760 kB
SwapCached:      34048 kB
Active:        1014980 kB
Inactive:      2119388 kB
HighTotal:           0 kB
HighFree:            0 kB
LowTotal:      3912332 kB
LowFree:        502256 kB
SwapTotal:     1052248 kB
SwapFree:       912224 kB
Dirty:             112 kB
Writeback:           0 kB
AnonPages:      568464 kB
Mapped:          50296 kB
Slab:           235412 kB
PageTables:      14120 kB
NFS_Unstable:        0 kB
Bounce:              0 kB
CommitLimit:   3008412 kB
Committed_AS:  1363096 kB
VmallocTotal: 34359738367 kB
VmallocUsed:      1004 kB
VmallocChunk: 34359737331 kB
HugePages_Total:     0
HugePages_Free:      0
HugePages_Rsvd:      0
Hugepagesize:     2048 kB


CPU:total 2 (2 cores per cpu, 1 threads per core) family 6 model 15 stepping 11, cmov, cx8, fxsr, mmx, sse, sse2, sse3, ssse3, tsc

/proc/cpuinfo:
processor	: 0
vendor_id	: GenuineIntel
cpu family	: 6
model		: 15
model name	: Intel(R) Core(TM)2 Duo CPU     E6750  @ 2.66GHz
stepping	: 11
cpu MHz		: 2666.667
cache size	: 4096 KB
physical id	: 0
siblings	: 2
core id		: 0
cpu cores	: 2
apicid		: 0
fpu		: yes
fpu_exception	: yes
cpuid level	: 10
wp		: yes
flags		: fpu vme de pse tsc msr pae mce cx8 apic sep mtrr pge mca cmov pat pse36 clflush dts acpi mmx fxsr sse sse2 ss ht tm syscall nx lm constant_tsc pni monitor ds_cpl vmx smx est tm2 ssse3 cx16 xtpr lahf_lm
bogomips	: 5333.33
clflush size	: 64
cache_alignment	: 64
address sizes	: 36 bits physical, 48 bits virtual
power management:

processor	: 1
vendor_id	: GenuineIntel
cpu family	: 6
model		: 15
model name	: Intel(R) Core(TM)2 Duo CPU     E6750  @ 2.66GHz
stepping	: 11
cpu MHz		: 2666.667
cache size	: 4096 KB
physical id	: 0
siblings	: 2
core id		: 1
cpu cores	: 2
apicid		: 1
fpu		: yes
fpu_exception	: yes
cpuid level	: 10
wp		: yes
flags		: fpu vme de pse tsc msr pae mce cx8 apic sep mtrr pge mca cmov pat pse36 clflush dts acpi mmx fxsr sse sse2 ss ht tm syscall nx lm constant_tsc pni monitor ds_cpl vmx smx est tm2 ssse3 cx16 xtpr lahf_lm
bogomips	: 5333.30
clflush size	: 64
cache_alignment	: 64
address sizes	: 36 bits physical, 48 bits virtual
power management:



Memory: 4k page, physical 3912332k(502256k free), swap 1052248k(912224k free)

vm_info: Java HotSpot(TM) 64-Bit Server VM (23.1-b03) for linux-amd64 JRE (1.7.0_05-b05), built on May 15 2012 17:17:06 by "java_re" with gcc 4.3.0 20080428 (Red Hat 4.3.0-8)

time: Sun Jan 20 18:23:26 2013
elapsed time: 2 seconds

